\BOOKMARK [1][-]{section.1}{Introducci\363n}{}
\BOOKMARK [1][-]{section.2}{Objetivos del proyecto}{}
\BOOKMARK [1][-]{section.3}{Explicaci\363n global de la aplicaci\363n}{}
\BOOKMARK [2][-]{subsection.3.1}{Navegaci\363n}{section.3}
\BOOKMARK [2][-]{subsection.3.2}{Identificaci\363n de obras}{section.3}
\BOOKMARK [2][-]{subsection.3.3}{Realidad Aumentada}{section.3}
\BOOKMARK [1][-]{section.4}{Modelo de c\341mara pin-hole}{}
\BOOKMARK [2][-]{subsection.4.1}{Matriz de proyecci\363n}{section.4}
\BOOKMARK [1][-]{section.5}{Marcadores}{}
\BOOKMARK [2][-]{subsection.5.1}{Estructura del marcador}{section.5}
\BOOKMARK [2][-]{subsection.5.2}{Dise\361o}{section.5}
\BOOKMARK [2][-]{subsection.5.3}{Dise\361o utilizado}{section.5}
\BOOKMARK [1][-]{section.6}{Detecci\363n}{}
\BOOKMARK [2][-]{subsection.6.1}{Detecci\363n de segmentos de l\355nea}{section.6}
\BOOKMARK [2][-]{subsection.6.2}{Filtrado y agrupamiento de segmentos}{section.6}
\BOOKMARK [2][-]{subsection.6.3}{Determinaci\363n de correspondencias}{section.6}
\BOOKMARK [1][-]{section.7}{POSIT}{}
\BOOKMARK [2][-]{subsection.7.1}{Notaci\363n}{section.7}
\BOOKMARK [2][-]{subsection.7.2}{SOP: Scaled Ortographic Projection}{section.7}
\BOOKMARK [2][-]{subsection.7.3}{Ecuaciones para calcular la proyecci\363n perspectiva}{section.7}
\BOOKMARK [2][-]{subsection.7.4}{Algoritmo}{section.7}
\BOOKMARK [2][-]{subsection.7.5}{POSIT para puntos coplanares}{section.7}
\BOOKMARK [1][-]{section.8}{Casos de Uso}{}
\BOOKMARK [1][-]{section.9}{Aplicaci\363n}{}
\BOOKMARK [2][-]{subsection.9.1}{Diagrama global de la aplicaci\363n}{section.9}
\BOOKMARK [1][-]{section.10}{Conclusiones}{}
\BOOKMARK [2][-]{subsection.10.1}{Detecci\363n de caracter\355sticas}{section.10}
\BOOKMARK [2][-]{subsection.10.2}{Estimaci\363n de pose}{section.10}
\BOOKMARK [2][-]{subsection.10.3}{Una soluci\363n alternativa: SLAM}{section.10}
\BOOKMARK [2][-]{subsection.10.4}{Dem\341s bloques}{section.10}
\BOOKMARK [1][-]{section*.20}{Referencias}{}
