\BOOKMARK [1][-]{section.1}{Introducci\363n}{}
\BOOKMARK [1][-]{section.2}{Objetivos del proyecto}{}
\BOOKMARK [1][-]{section.3}{Estado del arte}{}
\BOOKMARK [1][-]{section.4}{Explicaci\363n global de la aplicaci\363n}{}
\BOOKMARK [2][-]{subsection.4.1}{Navegaci\363n}{section.4}
\BOOKMARK [2][-]{subsection.4.2}{Identificaci\363n de obras}{section.4}
\BOOKMARK [2][-]{subsection.4.3}{Realidad Aumentada}{section.4}
\BOOKMARK [1][-]{section.5}{Modelo de c\341mara pin-hole}{}
\BOOKMARK [2][-]{subsection.5.1}{Matriz de proyecci\363n}{section.5}
\BOOKMARK [1][-]{section.6}{Marcadores}{}
\BOOKMARK [2][-]{subsection.6.1}{Estructura del marcador}{section.6}
\BOOKMARK [2][-]{subsection.6.2}{Dise\361o}{section.6}
\BOOKMARK [2][-]{subsection.6.3}{Dise\361o utilizado}{section.6}
\BOOKMARK [1][-]{section.7}{Detecci\363n}{}
\BOOKMARK [2][-]{subsection.7.1}{Detecci\363n de segmentos de l\355nea}{section.7}
\BOOKMARK [2][-]{subsection.7.2}{Filtrado y agrupamiento de segmentos}{section.7}
\BOOKMARK [2][-]{subsection.7.3}{Determinaci\363n de correspondencias}{section.7}
\BOOKMARK [1][-]{section.8}{POSIT}{}
\BOOKMARK [2][-]{subsection.8.1}{Notaci\363n}{section.8}
\BOOKMARK [2][-]{subsection.8.2}{SOP: Scaled Ortographic Projection}{section.8}
\BOOKMARK [2][-]{subsection.8.3}{Ecuaciones para calcular la proyecci\363n perspectiva}{section.8}
\BOOKMARK [2][-]{subsection.8.4}{Algoritmo}{section.8}
\BOOKMARK [2][-]{subsection.8.5}{POSIT para puntos coplanares}{section.8}
\BOOKMARK [1][-]{section.9}{Conclusion}{}
\BOOKMARK [1][-]{section*.15}{Ap\351ndice A: Proof of the First Zonklar Equation}{}
\BOOKMARK [1][-]{section*.16}{Ap\351ndice B}{}
